21:53:04: prep: go build -o data/server/usercenter-rpc  -v app/usercenter/cmd/rpc/usercenter.go
>> done (412.441167ms)
21:53:04: prep: go build -o data/server/usercenter-api  -v app/usercenter/cmd/api/usercenter.go
21:53:04: daemon: ./data/server/usercenter-rpc -f app/usercenter/cmd/rpc/etc/usercenter.yaml
>> starting...
21:53:04: prep: go build -o data/server/usercenter-api  -v app/usercenter/cmd/api/usercenter.go
>> done (375.611958ms)
21:53:04: prep: go build -o data/server/travel-rpc  -v app/travel/cmd/rpc/travel.go
21:53:04: daemon: ./data/server/usercenter-api -f app/usercenter/cmd/api/etc/usercenter.yaml
>> starting...
21:53:05: daemon: ./data/server/usercenter-rpc -f app/usercenter/cmd/rpc/etc/usercenter.yaml
Starting rpc server at 0.0.0.0:2004...
21:53:05: prep: go build -o data/server/travel-rpc  -v app/travel/cmd/rpc/travel.go
>> done (364.948167ms)
21:53:05: prep: go build -o data/server/travel-api  -v app/travel/cmd/api/travel.go
21:53:05: daemon: ./data/server/travel-rpc -f app/travel/cmd/rpc/etc/travel.yaml
>> starting...
21:53:05: daemon: ./data/server/usercenter-api -f app/usercenter/cmd/api/etc/usercenter.yaml
Starting server at 0.0.0.0:1004...
21:53:05: prep: go build -o data/server/travel-api  -v app/travel/cmd/api/travel.go
>> done (356.219208ms)
21:53:05: prep: go build -o data/server/payment-rpc  -v app/payment/cmd/rpc/payment.go
21:53:05: daemon: ./data/server/travel-api -f app/travel/cmd/api/etc/travel.yaml
>> starting...
21:53:05: daemon: ./data/server/travel-rpc -f app/travel/cmd/rpc/etc/travel.yaml
Starting rpc server at 0.0.0.0:2003...
21:53:06: prep: go build -o data/server/payment-rpc  -v app/payment/cmd/rpc/payment.go
>> done (376.544875ms)
21:53:06: prep: go build -o data/server/payment-api  -v app/payment/cmd/api/payment.go
21:53:06: daemon: ./data/server/payment-rpc -f app/payment/cmd/rpc/etc/payment.yaml
>> starting...
21:53:06: daemon: ./data/server/travel-api -f app/travel/cmd/api/etc/travel.yaml
Starting server at 0.0.0.0:1003...
21:53:06: prep: go build -o data/server/payment-api  -v app/payment/cmd/api/payment.go
>> done (372.870666ms)
21:53:06: daemon: ./data/server/payment-api -f app/payment/cmd/api/etc/payment.yaml
>> starting...
21:53:06: prep: go build -o data/server/order-rpc  -v app/order/cmd/rpc/order.go
21:53:06: daemon: ./data/server/payment-rpc -f app/payment/cmd/rpc/etc/payment.yaml
Starting rpc server at 0.0.0.0:2002...
21:53:06: prep: go build -o data/server/order-rpc  -v app/order/cmd/rpc/order.go
>> done (361.267666ms)
21:53:06: prep: go build -o data/server/order-api  -v app/order/cmd/api/order.go
21:53:06: daemon: ./data/server/order-rpc -f app/order/cmd/rpc/etc/order.yaml
>> starting...
21:53:06: daemon: ./data/server/payment-api -f app/payment/cmd/api/etc/payment.yaml
Starting server at 0.0.0.0:1002...
21:53:07: prep: go build -o data/server/order-api  -v app/order/cmd/api/order.go
>> done (358.556333ms)
21:53:07: prep: go build -o data/server/order-mq  -v app/order/cmd/mq/order.go
21:53:07: daemon: ./data/server/order-api -f app/order/cmd/api/etc/order.yaml
>> starting...
21:53:07: daemon: ./data/server/order-rpc -f app/order/cmd/rpc/etc/order.yaml
Starting rpc server at 0.0.0.0:2001...
21:53:07: prep: go build -o data/server/order-mq  -v app/order/cmd/mq/order.go
>> done (360.843ms)
21:53:07: prep: go build -o data/server/mqueue-scheduler  -v app/mqueue/cmd/scheduler/mqueue.go
21:53:07: daemon: ./data/server/order-mq -f app/order/cmd/mq/etc/order.yaml
>> starting...
21:53:07: prep: go build -o data/server/mqueue-scheduler  -v app/mqueue/cmd/scheduler/mqueue.go
>> done (170.299959ms)
21:53:07: prep: go build -o data/server/mqueue-job  -v app/mqueue/cmd/job/mqueue.go
21:53:07: daemon: ./data/server/mqueue-scheduler -f app/mqueue/cmd/scheduler/etc/mqueue.yaml
>> starting...
asynq: pid=17719 2025/12/13 13:53:07.892375 INFO: Scheduler starting
asynq: pid=17719 2025/12/13 13:53:07.892379 INFO: Scheduler timezone is set to Asia/Shanghai
asynq: pid=17719 2025/12/13 13:53:07.892382 INFO: Send signal TERM or INT to stop the scheduler
ã€settleRecordSchedulerã€‘ registered an  entry: "3d3e9e7a-73d6-4724-89ee-d4d49c209d61" 
21:53:08: prep: go build -o data/server/mqueue-job  -v app/mqueue/cmd/job/mqueue.go
>> done (421.909167ms)
21:53:08: daemon: ./data/server/mqueue-job -f app/mqueue/cmd/job/etc/mqueue.yaml
>> starting...
asynq: pid=17746 2025/12/13 13:53:08.564228 INFO: Starting processing
asynq: pid=17746 2025/12/13 13:53:08.564243 INFO: Send signal TSTP to stop processing new tasks
asynq: pid=17746 2025/12/13 13:53:08.564245 INFO: Send signal TERM or INT to terminate the process
21:53:18: daemon: ./data/server/order-mq -f app/order/cmd/mq/etc/order.yaml
exited: exit status 0
>> starting...
exited: exit status 0
>> starting...
exited: exit status 0
>> starting...
exited: exit status 0
>> starting...
21:54:00: daemon: ./data/server/mqueue-job -f app/mqueue/cmd/job/etc/mqueue.yaml
shcedule job demo -----> every one minute exec 
21:54:04: daemon: ./data/server/order-mq -f app/order/cmd/mq/etc/order.yaml
exited: exit status 0
>> starting...
exited: exit status 0
>> starting...
exited: exit status 0
>> starting...
exited: exit status 0
>> starting...
exited: exit status 0
>> starting...
21:55:00: daemon: ./data/server/mqueue-job -f app/mqueue/cmd/job/etc/mqueue.yaml
shcedule job demo -----> every one minute exec 
21:55:01: daemon: ./data/server/order-mq -f app/order/cmd/mq/etc/order.yaml
exited: exit status 0
>> starting...
exited: exit status 0
>> starting...
21:55:15: daemon: ./data/server/usercenter-rpc -f app/usercenter/cmd/rpc/etc/usercenter.yaml
{"@timestamp":"2025-12-13T21:55:15.335+08:00","caller":"trace/agent.go:148","content":"[otel] error: failed to upload traces; HTTP status code: 503","level":"error"}
21:55:15: daemon: ./data/server/usercenter-api -f app/usercenter/cmd/api/etc/usercenter.yaml
{"@timestamp":"2025-12-13T21:55:15.659+08:00","caller":"trace/agent.go:148","content":"[otel] error: failed to upload traces; HTTP status code: 503","level":"error"}
21:55:24: daemon: ./data/server/order-mq -f app/order/cmd/mq/etc/order.yaml
exited: exit status 0
>> starting...
21:55:25: daemon: ./data/server/usercenter-api -f app/usercenter/cmd/api/etc/usercenter.yaml
{"@timestamp":"2025-12-13T21:55:25.653+08:00","caller":"trace/agent.go:148","content":"[otel] error: failed to upload traces; HTTP status code: 503","level":"error"}
21:55:35: daemon: ./data/server/order-mq -f app/order/cmd/mq/etc/order.yaml
exited: exit status 0
>> starting...
exited: exit status 0
>> starting...
exited: exit status 0
>> starting...
21:56:00: daemon: ./data/server/mqueue-job -f app/mqueue/cmd/job/etc/mqueue.yaml
shcedule job demo -----> every one minute exec 
21:56:09: daemon: ./data/server/order-mq -f app/order/cmd/mq/etc/order.yaml
exited: exit status 0
>> starting...
exited: exit status 0
>> starting...
exited: exit status 0
>> starting...
exited: exit status 0
>> starting...
exited: exit status 0
>> starting...
21:57:00: daemon: ./data/server/mqueue-job -f app/mqueue/cmd/job/etc/mqueue.yaml
shcedule job demo -----> every one minute exec 
21:57:06: daemon: ./data/server/order-mq -f app/order/cmd/mq/etc/order.yaml
exited: exit status 0
>> starting...
exited: exit status 0
>> starting...
exited: exit status 0
>> starting...
exited: exit status 0
>> starting...
exited: exit status 0
>> starting...
21:58:00: daemon: ./data/server/mqueue-job -f app/mqueue/cmd/job/etc/mqueue.yaml
shcedule job demo -----> every one minute exec 
21:58:08: daemon: ./data/server/order-mq -f app/order/cmd/mq/etc/order.yaml
exited: exit status 0
>> starting...
exited: exit status 0
>> starting...
exited: exit status 0
>> starting...
exited: exit status 0
>> starting...
exited: exit status 0
>> starting...
21:59:00: daemon: ./data/server/mqueue-job -f app/mqueue/cmd/job/etc/mqueue.yaml
shcedule job demo -----> every one minute exec 
21:59:05: daemon: ./data/server/order-mq -f app/order/cmd/mq/etc/order.yaml
exited: exit status 0
>> starting...
exited: exit status 0
>> starting...
exited: exit status 0
>> starting...
exited: exit status 0
>> starting...
exited: exit status 0
>> starting...
22:00:00: daemon: ./data/server/mqueue-job -f app/mqueue/cmd/job/etc/mqueue.yaml
shcedule job demo -----> every one minute exec 
22:00:01: daemon: ./data/server/order-mq -f app/order/cmd/mq/etc/order.yaml
exited: exit status 0
>> starting...
exited: exit status 0
>> starting...
exited: exit status 0
>> starting...
exited: exit status 0
>> starting...
22:00:40: daemon: ./data/server/usercenter-api -f app/usercenter/cmd/api/etc/usercenter.yaml
{"@timestamp":"2025-12-13T22:00:40.711+08:00","caller":"trace/agent.go:148","content":"[otel] error: failed to upload traces; HTTP status code: 503","level":"error"}
22:00:47: daemon: ./data/server/order-mq -f app/order/cmd/mq/etc/order.yaml
exited: exit status 0
>> starting...
exited: exit status 0
>> starting...
22:01:00: daemon: ./data/server/mqueue-job -f app/mqueue/cmd/job/etc/mqueue.yaml
shcedule job demo -----> every one minute exec 
22:01:10: daemon: ./data/server/order-mq -f app/order/cmd/mq/etc/order.yaml
exited: exit status 0
>> starting...
exited: exit status 0
>> starting...
exited: exit status 0
>> starting...
exited: exit status 0
>> starting...
exited: exit status 0
>> starting...
22:02:00: daemon: ./data/server/mqueue-job -f app/mqueue/cmd/job/etc/mqueue.yaml
shcedule job demo -----> every one minute exec 
22:02:07: daemon: ./data/server/order-mq -f app/order/cmd/mq/etc/order.yaml
exited: exit status 0
>> starting...
exited: exit status 0
>> starting...
exited: exit status 0
>> starting...
exited: exit status 0
>> starting...
exited: exit status 0
>> starting...
22:03:00: daemon: ./data/server/mqueue-job -f app/mqueue/cmd/job/etc/mqueue.yaml
shcedule job demo -----> every one minute exec 
22:03:09: daemon: ./data/server/order-mq -f app/order/cmd/mq/etc/order.yaml
exited: exit status 0
>> starting...
exited: exit status 0
>> starting...
exited: exit status 0
>> starting...
exited: exit status 0
>> starting...
exited: exit status 0
>> starting...
22:04:00: daemon: ./data/server/mqueue-job -f app/mqueue/cmd/job/etc/mqueue.yaml
shcedule job demo -----> every one minute exec 
22:04:06: daemon: ./data/server/order-mq -f app/order/cmd/mq/etc/order.yaml
exited: exit status 0
>> starting...
exited: exit status 0
>> starting...
exited: exit status 0
>> starting...
exited: exit status 0
>> starting...
exited: exit status 0
>> starting...
22:05:00: daemon: ./data/server/mqueue-job -f app/mqueue/cmd/job/etc/mqueue.yaml
shcedule job demo -----> every one minute exec 
22:05:03: daemon: ./data/server/order-mq -f app/order/cmd/mq/etc/order.yaml
exited: exit status 0
>> starting...
exited: exit status 0
>> starting...
exited: exit status 0
>> starting...
exited: exit status 0
>> starting...
exited: exit status 0
>> starting...
exited: exit status 0
22:06:00: daemon: ./data/server/mqueue-job -f app/mqueue/cmd/job/etc/mqueue.yaml
shcedule job demo -----> every one minute exec 
22:06:01: daemon: ./data/server/order-mq -f app/order/cmd/mq/etc/order.yaml
>> starting...
exited: exit status 0
>> starting...
exited: exit status 0
>> starting...
exited: exit status 0
>> starting...
exited: exit status 0
>> starting...
exited: exit status 0
>> starting...
22:07:00: daemon: ./data/server/mqueue-job -f app/mqueue/cmd/job/etc/mqueue.yaml
shcedule job demo -----> every one minute exec 
22:07:08: daemon: ./data/server/order-mq -f app/order/cmd/mq/etc/order.yaml
exited: exit status 0
>> starting...
exited: exit status 0
>> starting...
exited: exit status 0
>> starting...
exited: exit status 0
>> starting...
exited: exit status 0
>> starting...
22:08:00: daemon: ./data/server/mqueue-job -f app/mqueue/cmd/job/etc/mqueue.yaml
shcedule job demo -----> every one minute exec 
22:08:10: daemon: ./data/server/order-mq -f app/order/cmd/mq/etc/order.yaml
exited: exit status 0
>> starting...
exited: exit status 0
>> starting...
exited: exit status 0
>> starting...
exited: exit status 0
>> starting...
exited: exit status 0
>> starting...
22:09:00: daemon: ./data/server/mqueue-job -f app/mqueue/cmd/job/etc/mqueue.yaml
shcedule job demo -----> every one minute exec 
22:09:07: daemon: ./data/server/order-mq -f app/order/cmd/mq/etc/order.yaml
exited: exit status 0
>> starting...
exited: exit status 0
>> starting...
exited: exit status 0
>> starting...
exited: exit status 0
>> starting...
exited: exit status 0
>> starting...
22:10:00: daemon: ./data/server/mqueue-job -f app/mqueue/cmd/job/etc/mqueue.yaml
shcedule job demo -----> every one minute exec 
22:10:04: daemon: ./data/server/order-mq -f app/order/cmd/mq/etc/order.yaml
exited: exit status 0
>> starting...
exited: exit status 0
>> starting...
exited: exit status 0
>> starting...
exited: exit status 0
>> starting...
exited: exit status 0
>> starting...
22:11:00: daemon: ./data/server/mqueue-job -f app/mqueue/cmd/job/etc/mqueue.yaml
shcedule job demo -----> every one minute exec 
22:11:01: daemon: ./data/server/order-mq -f app/order/cmd/mq/etc/order.yaml
exited: exit status 0
>> starting...
exited: exit status 0
>> starting...
exited: exit status 0
>> starting...
exited: exit status 0
>> starting...
exited: exit status 0
>> starting...
exited: exit status 0
>> starting...
22:12:00: daemon: ./data/server/mqueue-job -f app/mqueue/cmd/job/etc/mqueue.yaml
shcedule job demo -----> every one minute exec 
22:12:09: daemon: ./data/server/order-mq -f app/order/cmd/mq/etc/order.yaml
exited: exit status 0
>> starting...
exited: exit status 0
>> starting...
exited: exit status 0
>> starting...
exited: exit status 0
>> starting...
exited: exit status 0
>> starting...
22:13:00: daemon: ./data/server/mqueue-job -f app/mqueue/cmd/job/etc/mqueue.yaml
shcedule job demo -----> every one minute exec 
22:13:06: daemon: ./data/server/order-mq -f app/order/cmd/mq/etc/order.yaml
exited: exit status 0
>> starting...
exited: exit status 0
>> starting...
exited: exit status 0
>> starting...
exited: exit status 0
>> starting...
exited: exit status 0
>> starting...
22:14:00: daemon: ./data/server/mqueue-job -f app/mqueue/cmd/job/etc/mqueue.yaml
shcedule job demo -----> every one minute exec 
22:14:03: daemon: ./data/server/order-mq -f app/order/cmd/mq/etc/order.yaml
exited: exit status 0
>> starting...
exited: exit status 0
>> starting...
exited: exit status 0
>> starting...
exited: exit status 0
>> starting...
exited: exit status 0
>> starting...
exited: exit status 0
>> starting...
22:15:00: daemon: ./data/server/mqueue-job -f app/mqueue/cmd/job/etc/mqueue.yaml
shcedule job demo -----> every one minute exec 
22:15:11: daemon: ./data/server/order-mq -f app/order/cmd/mq/etc/order.yaml
exited: exit status 0
>> starting...
exited: exit status 0
>> starting...
exited: exit status 0
>> starting...
exited: exit status 0
>> starting...
exited: exit status 0
>> starting...
22:16:00: daemon: ./data/server/mqueue-job -f app/mqueue/cmd/job/etc/mqueue.yaml
shcedule job demo -----> every one minute exec 
22:16:08: daemon: ./data/server/order-mq -f app/order/cmd/mq/etc/order.yaml
exited: exit status 0
>> starting...
exited: exit status 0
>> starting...
exited: exit status 0
>> starting...
exited: exit status 0
>> starting...
exited: exit status 0
>> starting...
22:17:00: daemon: ./data/server/mqueue-job -f app/mqueue/cmd/job/etc/mqueue.yaml
shcedule job demo -----> every one minute exec 
22:17:05: daemon: ./data/server/order-mq -f app/order/cmd/mq/etc/order.yaml
exited: exit status 0
>> starting...
exited: exit status 0
>> starting...
exited: exit status 0
>> starting...
exited: exit status 0
>> starting...
exited: exit status 0
>> starting...
22:18:00: daemon: ./data/server/mqueue-job -f app/mqueue/cmd/job/etc/mqueue.yaml
shcedule job demo -----> every one minute exec 
22:18:02: daemon: ./data/server/order-mq -f app/order/cmd/mq/etc/order.yaml
exited: exit status 0
>> starting...
exited: exit status 0
>> starting...
exited: exit status 0
>> starting...
exited: exit status 0
>> starting...
exited: exit status 0
>> starting...
exited: exit status 0
>> starting...
22:19:00: daemon: ./data/server/mqueue-job -f app/mqueue/cmd/job/etc/mqueue.yaml
shcedule job demo -----> every one minute exec 
22:19:10: daemon: ./data/server/order-mq -f app/order/cmd/mq/etc/order.yaml
exited: exit status 0
>> starting...
exited: exit status 0
>> starting...
exited: exit status 0
>> starting...
exited: exit status 0
>> starting...
exited: exit status 0
>> starting...
22:20:00: daemon: ./data/server/mqueue-job -f app/mqueue/cmd/job/etc/mqueue.yaml
shcedule job demo -----> every one minute exec 
22:20:08: daemon: ./data/server/order-mq -f app/order/cmd/mq/etc/order.yaml
exited: exit status 0
>> starting...
exited: exit status 0
>> starting...
exited: exit status 0
>> starting...
exited: exit status 0
>> starting...
exited: exit status 0
>> starting...
22:21:00: daemon: ./data/server/mqueue-job -f app/mqueue/cmd/job/etc/mqueue.yaml
shcedule job demo -----> every one minute exec 
22:21:10: daemon: ./data/server/order-mq -f app/order/cmd/mq/etc/order.yaml
exited: exit status 0
>> starting...
exited: exit status 0
>> starting...
exited: exit status 0
>> starting...
exited: exit status 0
>> starting...
exited: exit status 0
>> starting...
22:22:00: daemon: ./data/server/mqueue-job -f app/mqueue/cmd/job/etc/mqueue.yaml
shcedule job demo -----> every one minute exec 
22:22:06: daemon: ./data/server/order-mq -f app/order/cmd/mq/etc/order.yaml
exited: exit status 0
>> starting...
exited: exit status 0
>> starting...
exited: exit status 0
>> starting...
exited: exit status 0
>> starting...
exited: exit status 0
>> starting...
22:23:00: daemon: ./data/server/mqueue-job -f app/mqueue/cmd/job/etc/mqueue.yaml
shcedule job demo -----> every one minute exec 
22:23:03: daemon: ./data/server/order-mq -f app/order/cmd/mq/etc/order.yaml
exited: exit status 0
>> starting...
exited: exit status 0
>> starting...
exited: exit status 0
>> starting...
exited: exit status 0
>> starting...
exited: exit status 0
>> starting...
exited: exit status 0
22:24:00: daemon: ./data/server/mqueue-job -f app/mqueue/cmd/job/etc/mqueue.yaml
shcedule job demo -----> every one minute exec 
22:24:01: daemon: ./data/server/order-mq -f app/order/cmd/mq/etc/order.yaml
>> starting...
exited: exit status 0
>> starting...
exited: exit status 0
>> starting...
exited: exit status 0
>> starting...
22:24:45: daemon: ./data/server/usercenter-rpc -f app/usercenter/cmd/rpc/etc/usercenter.yaml
{"@timestamp":"2025-12-13T22:24:45.763+08:00","caller":"trace/agent.go:148","content":"[otel] error: failed to upload traces; HTTP status code: 503","level":"error"}
22:24:46: daemon: ./data/server/order-mq -f app/order/cmd/mq/etc/order.yaml
exited: exit status 0
22:24:46: daemon: ./data/server/usercenter-api -f app/usercenter/cmd/api/etc/usercenter.yaml
{"@timestamp":"2025-12-13T22:24:46.095+08:00","caller":"trace/agent.go:148","content":"[otel] error: failed to upload traces; HTTP status code: 503","level":"error"}
22:24:46: daemon: ./data/server/order-mq -f app/order/cmd/mq/etc/order.yaml
>> starting...
22:24:56: daemon: ./data/server/usercenter-api -f app/usercenter/cmd/api/etc/usercenter.yaml
{"@timestamp":"2025-12-13T22:24:56.105+08:00","caller":"trace/agent.go:148","content":"[otel] error: failed to upload traces; HTTP status code: 503","level":"error"}
22:24:57: daemon: ./data/server/order-mq -f app/order/cmd/mq/etc/order.yaml
exited: exit status 0
>> starting...
22:25:00: daemon: ./data/server/usercenter-rpc -f app/usercenter/cmd/rpc/etc/usercenter.yaml
{"@timestamp":"2025-12-13T22:25:00.781+08:00","caller":"trace/agent.go:148","content":"[otel] error: failed to upload traces; HTTP status code: 503","level":"error"}
22:25:00: daemon: ./data/server/mqueue-job -f app/mqueue/cmd/job/etc/mqueue.yaml
shcedule job demo -----> every one minute exec 
22:25:08: daemon: ./data/server/order-mq -f app/order/cmd/mq/etc/order.yaml
exited: exit status 0
>> starting...
exited: exit status 0
>> starting...
exited: exit status 0
>> starting...
exited: exit status 0
>> starting...
exited: exit status 0
>> starting...
22:26:00: daemon: ./data/server/mqueue-job -f app/mqueue/cmd/job/etc/mqueue.yaml
shcedule job demo -----> every one minute exec 
22:26:05: daemon: ./data/server/order-mq -f app/order/cmd/mq/etc/order.yaml
exited: exit status 0
>> starting...
exited: exit status 0
>> starting...
exited: exit status 0
>> starting...
22:26:30: daemon: ./data/server/usercenter-rpc -f app/usercenter/cmd/rpc/etc/usercenter.yaml
{"@timestamp":"2025-12-13T22:26:30.786+08:00","caller":"trace/agent.go:148","content":"[otel] error: failed to upload traces; HTTP status code: 503","level":"error"}
22:26:31: daemon: ./data/server/usercenter-api -f app/usercenter/cmd/api/etc/usercenter.yaml
{"@timestamp":"2025-12-13T22:26:31.102+08:00","caller":"trace/agent.go:148","content":"[otel] error: failed to upload traces; HTTP status code: 503","level":"error"}
22:26:39: daemon: ./data/server/order-mq -f app/order/cmd/mq/etc/order.yaml
exited: exit status 0
>> starting...
exited: exit status 0
>> starting...
22:27:00: daemon: ./data/server/mqueue-job -f app/mqueue/cmd/job/etc/mqueue.yaml
shcedule job demo -----> every one minute exec 
22:27:02: daemon: ./data/server/order-mq -f app/order/cmd/mq/etc/order.yaml
exited: exit status 0
>> starting...
exited: exit status 0
>> starting...
exited: exit status 0
>> starting...
exited: exit status 0
>> starting...
exited: exit status 0
>> starting...
exited: exit status 0
>> starting...
22:28:00: daemon: ./data/server/mqueue-job -f app/mqueue/cmd/job/etc/mqueue.yaml
shcedule job demo -----> every one minute exec 
22:28:10: daemon: ./data/server/order-mq -f app/order/cmd/mq/etc/order.yaml
exited: exit status 0
>> starting...
exited: exit status 0
>> starting...
exited: exit status 0
>> starting...
exited: exit status 0
>> starting...
exited: exit status 0
>> starting...
22:29:00: daemon: ./data/server/mqueue-job -f app/mqueue/cmd/job/etc/mqueue.yaml
shcedule job demo -----> every one minute exec 
22:29:07: daemon: ./data/server/order-mq -f app/order/cmd/mq/etc/order.yaml
exited: exit status 0
>> starting...
exited: exit status 0
>> starting...
exited: exit status 0
>> starting...
exited: exit status 0
>> starting...
exited: exit status 0
>> starting...
22:30:00: daemon: ./data/server/mqueue-job -f app/mqueue/cmd/job/etc/mqueue.yaml
shcedule job demo -----> every one minute exec 
22:30:03: daemon: ./data/server/order-mq -f app/order/cmd/mq/etc/order.yaml
exited: exit status 0
>> starting...
exited: exit status 0
>> starting...
exited: exit status 0
>> starting...
exited: exit status 0
>> starting...
exited: exit status 0
>> starting...
exited: exit status 0
22:31:00: daemon: ./data/server/mqueue-job -f app/mqueue/cmd/job/etc/mqueue.yaml
shcedule job demo -----> every one minute exec 
22:31:01: daemon: ./data/server/order-mq -f app/order/cmd/mq/etc/order.yaml
>> starting...
exited: exit status 0
>> starting...
exited: exit status 0
>> starting...
exited: exit status 0
>> starting...
exited: exit status 0
>> starting...
exited: exit status 0
>> starting...
22:32:00: daemon: ./data/server/mqueue-job -f app/mqueue/cmd/job/etc/mqueue.yaml
shcedule job demo -----> every one minute exec 
22:32:08: daemon: ./data/server/order-mq -f app/order/cmd/mq/etc/order.yaml
exited: exit status 0
>> starting...
exited: exit status 0
>> starting...
exited: exit status 0
>> starting...
exited: exit status 0
>> starting...
exited: exit status 0
>> starting...
22:33:00: daemon: ./data/server/mqueue-job -f app/mqueue/cmd/job/etc/mqueue.yaml
shcedule job demo -----> every one minute exec 
22:33:06: daemon: ./data/server/order-mq -f app/order/cmd/mq/etc/order.yaml
exited: exit status 0
>> starting...
exited: exit status 0
>> starting...
exited: exit status 0
>> starting...
exited: exit status 0
>> starting...
exited: exit status 0
>> starting...
22:34:00: daemon: ./data/server/mqueue-job -f app/mqueue/cmd/job/etc/mqueue.yaml
shcedule job demo -----> every one minute exec 
22:34:03: daemon: ./data/server/order-mq -f app/order/cmd/mq/etc/order.yaml
exited: exit status 0
>> starting...
exited: exit status 0
>> starting...
exited: exit status 0
>> starting...
exited: exit status 0
>> starting...
exited: exit status 0
>> starting...
exited: exit status 0
22:35:00: daemon: ./data/server/mqueue-job -f app/mqueue/cmd/job/etc/mqueue.yaml
shcedule job demo -----> every one minute exec 
22:35:01: daemon: ./data/server/order-mq -f app/order/cmd/mq/etc/order.yaml
>> starting...
exited: exit status 0
>> starting...
exited: exit status 0
>> starting...
exited: exit status 0
>> starting...
exited: exit status 0
>> starting...
exited: exit status 0
>> starting...
22:36:00: daemon: ./data/server/mqueue-job -f app/mqueue/cmd/job/etc/mqueue.yaml
shcedule job demo -----> every one minute exec 
22:36:08: daemon: ./data/server/order-mq -f app/order/cmd/mq/etc/order.yaml
exited: exit status 0
>> starting...
exited: exit status 0
>> starting...
exited: exit status 0
>> starting...
exited: exit status 0
>> starting...
exited: exit status 0
>> starting...
22:37:00: daemon: ./data/server/mqueue-job -f app/mqueue/cmd/job/etc/mqueue.yaml
shcedule job demo -----> every one minute exec 
22:37:05: daemon: ./data/server/order-mq -f app/order/cmd/mq/etc/order.yaml
exited: exit status 0
>> starting...
exited: exit status 0
>> starting...
exited: exit status 0
>> starting...
exited: exit status 0
>> starting...
exited: exit status 0
>> starting...
22:38:00: daemon: ./data/server/mqueue-job -f app/mqueue/cmd/job/etc/mqueue.yaml
shcedule job demo -----> every one minute exec 
22:38:03: daemon: ./data/server/order-mq -f app/order/cmd/mq/etc/order.yaml
exited: exit status 0
>> starting...
exited: exit status 0
>> starting...
exited: exit status 0
>> starting...
exited: exit status 0
>> starting...
exited: exit status 0
>> starting...
exited: exit status 0
22:39:00: daemon: ./data/server/mqueue-job -f app/mqueue/cmd/job/etc/mqueue.yaml
shcedule job demo -----> every one minute exec 
22:39:00: daemon: ./data/server/order-mq -f app/order/cmd/mq/etc/order.yaml
>> starting...
exited: exit status 0
>> starting...
exited: exit status 0
>> starting...
exited: exit status 0
>> starting...
exited: exit status 0
>> starting...
22:40:00: daemon: ./data/server/mqueue-job -f app/mqueue/cmd/job/etc/mqueue.yaml
shcedule job demo -----> every one minute exec 
22:40:02: daemon: ./data/server/order-mq -f app/order/cmd/mq/etc/order.yaml
exited: exit status 0
>> starting...
exited: exit status 0
>> starting...
exited: exit status 0
>> starting...
exited: exit status 0
>> starting...
exited: exit status 0
>> starting...
exited: exit status 0
>> starting...
22:41:00: daemon: ./data/server/mqueue-job -f app/mqueue/cmd/job/etc/mqueue.yaml
shcedule job demo -----> every one minute exec 
22:41:11: daemon: ./data/server/order-mq -f app/order/cmd/mq/etc/order.yaml
exited: exit status 0
>> starting...
exited: exit status 0
>> starting...
exited: exit status 0
>> starting...
exited: exit status 0
>> starting...
exited: exit status 0
>> starting...
22:42:00: daemon: ./data/server/mqueue-job -f app/mqueue/cmd/job/etc/mqueue.yaml
shcedule job demo -----> every one minute exec 
22:42:08: daemon: ./data/server/order-mq -f app/order/cmd/mq/etc/order.yaml
exited: exit status 0
>> starting...
exited: exit status 0
>> starting...
exited: exit status 0
>> starting...
exited: exit status 0
>> starting...
exited: exit status 0
>> starting...
22:43:00: daemon: ./data/server/mqueue-job -f app/mqueue/cmd/job/etc/mqueue.yaml
shcedule job demo -----> every one minute exec 
22:43:05: daemon: ./data/server/order-mq -f app/order/cmd/mq/etc/order.yaml
exited: exit status 0
>> starting...
exited: exit status 0
>> starting...
exited: exit status 0
>> starting...
exited: exit status 0
>> starting...
exited: exit status 0
>> starting...
22:44:00: daemon: ./data/server/mqueue-job -f app/mqueue/cmd/job/etc/mqueue.yaml
shcedule job demo -----> every one minute exec 
22:44:02: daemon: ./data/server/order-mq -f app/order/cmd/mq/etc/order.yaml
exited: exit status 0
>> starting...
exited: exit status 0
>> starting...
exited: exit status 0
>> starting...
exited: exit status 0
>> starting...
exited: exit status 0
>> starting...
exited: exit status 0
>> starting...
22:45:00: daemon: ./data/server/mqueue-job -f app/mqueue/cmd/job/etc/mqueue.yaml
shcedule job demo -----> every one minute exec 
22:45:10: daemon: ./data/server/order-mq -f app/order/cmd/mq/etc/order.yaml
exited: exit status 0
>> starting...
exited: exit status 0
>> starting...
exited: exit status 0
>> starting...
exited: exit status 0
>> starting...
exited: exit status 0
>> starting...
22:46:00: daemon: ./data/server/mqueue-job -f app/mqueue/cmd/job/etc/mqueue.yaml
shcedule job demo -----> every one minute exec 
22:46:07: daemon: ./data/server/order-mq -f app/order/cmd/mq/etc/order.yaml
exited: exit status 0
>> starting...
exited: exit status 0
>> starting...
exited: exit status 0
>> starting...
exited: exit status 0
>> starting...
exited: exit status 0
>> starting...
22:47:00: daemon: ./data/server/mqueue-job -f app/mqueue/cmd/job/etc/mqueue.yaml
shcedule job demo -----> every one minute exec 
22:47:03: daemon: ./data/server/order-mq -f app/order/cmd/mq/etc/order.yaml
exited: exit status 0
>> starting...
exited: exit status 0
>> starting...
exited: exit status 0
>> starting...
exited: exit status 0
>> starting...
exited: exit status 0
>> starting...
exited: exit status 0
22:48:00: daemon: ./data/server/mqueue-job -f app/mqueue/cmd/job/etc/mqueue.yaml
shcedule job demo -----> every one minute exec 
22:48:01: daemon: ./data/server/order-mq -f app/order/cmd/mq/etc/order.yaml
>> starting...
exited: exit status 0
>> starting...
exited: exit status 0
>> starting...
exited: exit status 0
>> starting...
exited: exit status 0
>> starting...
exited: exit status 0
>> starting...
22:49:00: daemon: ./data/server/mqueue-job -f app/mqueue/cmd/job/etc/mqueue.yaml
shcedule job demo -----> every one minute exec 
22:49:08: daemon: ./data/server/order-mq -f app/order/cmd/mq/etc/order.yaml
exited: exit status 0
>> starting...
exited: exit status 0
>> starting...
exited: exit status 0
>> starting...
exited: exit status 0
>> starting...
exited: exit status 0
>> starting...
22:50:00: daemon: ./data/server/mqueue-job -f app/mqueue/cmd/job/etc/mqueue.yaml
shcedule job demo -----> every one minute exec 
22:50:05: daemon: ./data/server/order-mq -f app/order/cmd/mq/etc/order.yaml
exited: exit status 0
>> starting...
exited: exit status 0
>> starting...
exited: exit status 0
>> starting...
exited: exit status 0
>> starting...
exited: exit status 0
>> starting...
22:51:00: daemon: ./data/server/mqueue-job -f app/mqueue/cmd/job/etc/mqueue.yaml
shcedule job demo -----> every one minute exec 
22:51:02: daemon: ./data/server/order-mq -f app/order/cmd/mq/etc/order.yaml
exited: exit status 0
>> starting...
exited: exit status 0
>> starting...
exited: exit status 0
>> starting...
exited: exit status 0
>> starting...
exited: exit status 0
>> starting...
exited: exit status 0
>> starting...
22:52:00: daemon: ./data/server/mqueue-job -f app/mqueue/cmd/job/etc/mqueue.yaml
shcedule job demo -----> every one minute exec 
22:52:10: daemon: ./data/server/order-mq -f app/order/cmd/mq/etc/order.yaml
exited: exit status 0
>> starting...
exited: exit status 0
>> starting...
exited: exit status 0
>> starting...
exited: exit status 0
>> starting...
exited: exit status 0
>> starting...
22:53:00: daemon: ./data/server/mqueue-job -f app/mqueue/cmd/job/etc/mqueue.yaml
shcedule job demo -----> every one minute exec 
22:53:09: daemon: ./data/server/order-mq -f app/order/cmd/mq/etc/order.yaml
exited: exit status 0
>> starting...
exited: exit status 0
>> starting...
exited: exit status 0
>> starting...
exited: exit status 0
>> starting...
exited: exit status 0
>> starting...
22:54:00: daemon: ./data/server/mqueue-job -f app/mqueue/cmd/job/etc/mqueue.yaml
shcedule job demo -----> every one minute exec 
22:54:07: daemon: ./data/server/order-mq -f app/order/cmd/mq/etc/order.yaml
exited: exit status 0
>> starting...
exited: exit status 0
>> starting...
exited: exit status 0
>> starting...
exited: exit status 0
>> starting...
exited: exit status 0
>> starting...
22:55:00: daemon: ./data/server/mqueue-job -f app/mqueue/cmd/job/etc/mqueue.yaml
shcedule job demo -----> every one minute exec 
22:55:04: daemon: ./data/server/order-mq -f app/order/cmd/mq/etc/order.yaml
exited: exit status 0
>> starting...
exited: exit status 0
>> starting...
exited: exit status 0
>> starting...
exited: exit status 0
>> starting...
exited: exit status 0
>> starting...
22:56:00: daemon: ./data/server/mqueue-job -f app/mqueue/cmd/job/etc/mqueue.yaml
shcedule job demo -----> every one minute exec 
22:56:02: daemon: ./data/server/order-mq -f app/order/cmd/mq/etc/order.yaml
exited: exit status 0
>> starting...
exited: exit status 0
>> starting...
exited: exit status 0
>> starting...
exited: exit status 0
>> starting...
exited: exit status 0
>> starting...
exited: exit status 0
>> starting...
22:57:00: daemon: ./data/server/mqueue-job -f app/mqueue/cmd/job/etc/mqueue.yaml
shcedule job demo -----> every one minute exec 
22:57:10: daemon: ./data/server/order-mq -f app/order/cmd/mq/etc/order.yaml
exited: exit status 0
>> starting...
exited: exit status 0
>> starting...
exited: exit status 0
>> starting...
exited: exit status 0
>> starting...
exited: exit status 0
>> starting...
22:58:00: daemon: ./data/server/mqueue-job -f app/mqueue/cmd/job/etc/mqueue.yaml
shcedule job demo -----> every one minute exec 
22:58:07: daemon: ./data/server/order-mq -f app/order/cmd/mq/etc/order.yaml
exited: exit status 0
>> starting...
exited: exit status 0
>> starting...
exited: exit status 0
>> starting...
exited: exit status 0
>> starting...
exited: exit status 0
>> starting...
22:59:00: daemon: ./data/server/mqueue-job -f app/mqueue/cmd/job/etc/mqueue.yaml
shcedule job demo -----> every one minute exec 
22:59:04: daemon: ./data/server/order-mq -f app/order/cmd/mq/etc/order.yaml
exited: exit status 0
>> starting...
exited: exit status 0
>> starting...
exited: exit status 0
>> starting...
exited: exit status 0
>> starting...
exited: exit status 0
>> starting...
23:00:00: daemon: ./data/server/mqueue-job -f app/mqueue/cmd/job/etc/mqueue.yaml
shcedule job demo -----> every one minute exec 
23:00:01: daemon: ./data/server/order-mq -f app/order/cmd/mq/etc/order.yaml
exited: exit status 0
>> starting...
exited: exit status 0
>> starting...
exited: exit status 0
>> starting...
exited: exit status 0
>> starting...
exited: exit status 0
>> starting...
exited: exit status 0
>> starting...
23:01:00: daemon: ./data/server/mqueue-job -f app/mqueue/cmd/job/etc/mqueue.yaml
shcedule job demo -----> every one minute exec 
23:01:09: daemon: ./data/server/order-mq -f app/order/cmd/mq/etc/order.yaml
exited: exit status 0
>> starting...
exited: exit status 0
>> starting...
exited: exit status 0
>> starting...
exited: exit status 0
>> starting...
exited: exit status 0
>> starting...
23:02:00: daemon: ./data/server/mqueue-job -f app/mqueue/cmd/job/etc/mqueue.yaml
shcedule job demo -----> every one minute exec 
23:02:06: daemon: ./data/server/order-mq -f app/order/cmd/mq/etc/order.yaml
exited: exit status 0
>> starting...
exited: exit status 0
>> starting...
exited: exit status 0
>> starting...
exited: exit status 0
>> starting...
exited: exit status 0
>> starting...
23:03:00: daemon: ./data/server/mqueue-job -f app/mqueue/cmd/job/etc/mqueue.yaml
shcedule job demo -----> every one minute exec 
23:03:03: daemon: ./data/server/order-mq -f app/order/cmd/mq/etc/order.yaml
exited: exit status 0
>> starting...
exited: exit status 0
>> starting...
exited: exit status 0
>> starting...
exited: exit status 0
>> starting...
exited: exit status 0
>> starting...
exited: exit status 0
>> starting...
23:04:00: daemon: ./data/server/mqueue-job -f app/mqueue/cmd/job/etc/mqueue.yaml
shcedule job demo -----> every one minute exec 
23:04:11: daemon: ./data/server/order-mq -f app/order/cmd/mq/etc/order.yaml
exited: exit status 0
>> starting...
exited: exit status 0
>> starting...
exited: exit status 0
>> starting...
exited: exit status 0
>> starting...
exited: exit status 0
>> starting...
23:05:00: daemon: ./data/server/usercenter-api -f app/usercenter/cmd/api/etc/usercenter.yaml
{"@timestamp":"2025-12-13T23:05:00.514+08:00","caller":"handler/authhandler.go:103","content":"authorize failed: token contains an invalid number of segments\n=> POST /usercenter/v1/user/detail HTTP/1.1\r\nHost: localhost:1004\r\nAccept: */*\r\nAccept-Encoding: gzip, deflate, br\r\nAuthorization: 13900139002\r\nConnection: keep-alive\r\nContent-Length: 2\r\nContent-Type: application/json\r\nUser-Agent: Apifox/1.0.0 (https://apifox.com)\r\n\r\n{}","level":"error"}
23:05:00: daemon: ./data/server/mqueue-job -f app/mqueue/cmd/job/etc/mqueue.yaml
shcedule job demo -----> every one minute exec 
23:05:01: daemon: ./data/server/usercenter-api -f app/usercenter/cmd/api/etc/usercenter.yaml
{"@timestamp":"2025-12-13T23:05:01.496+08:00","caller":"trace/agent.go:148","content":"[otel] error: failed to upload traces; HTTP status code: 503","level":"error"}
23:05:08: daemon: ./data/server/order-mq -f app/order/cmd/mq/etc/order.yaml
exited: exit status 0
>> starting...
23:05:17: daemon: ./data/server/usercenter-api -f app/usercenter/cmd/api/etc/usercenter.yaml
{"@timestamp":"2025-12-13T23:05:17.233+08:00","caller":"handler/authhandler.go:103","content":"authorize failed: token contains an invalid number of segments\n=> POST /usercenter/v1/user/detail HTTP/1.1\r\nHost: localhost:1004\r\nAccept: */*\r\nAccept-Encoding: gzip, deflate, br\r\nAuthorization: 13900139002\r\nConnection: keep-alive\r\nContent-Length: 2\r\nContent-Type: application/json\r\nUser-Agent: Apifox/1.0.0 (https://apifox.com)\r\n\r\n{}","level":"error"}
23:05:19: daemon: ./data/server/order-mq -f app/order/cmd/mq/etc/order.yaml
exited: exit status 0
>> starting...
23:05:21: daemon: ./data/server/usercenter-api -f app/usercenter/cmd/api/etc/usercenter.yaml
{"@timestamp":"2025-12-13T23:05:21.491+08:00","caller":"trace/agent.go:148","content":"[otel] error: failed to upload traces; HTTP status code: 503","level":"error"}
23:05:31: daemon: ./data/server/order-mq -f app/order/cmd/mq/etc/order.yaml
exited: exit status 0
>> starting...
exited: exit status 0
>> starting...
exited: exit status 0
>> starting...
23:06:00: daemon: ./data/server/mqueue-job -f app/mqueue/cmd/job/etc/mqueue.yaml
shcedule job demo -----> every one minute exec 
23:06:01: daemon: ./data/server/usercenter-rpc -f app/usercenter/cmd/rpc/etc/usercenter.yaml
{"@timestamp":"2025-12-13T23:06:01.352+08:00","caller":"trace/agent.go:148","content":"[otel] error: failed to upload traces; HTTP status code: 503","level":"error"}
23:06:01: daemon: ./data/server/usercenter-api -f app/usercenter/cmd/api/etc/usercenter.yaml
{"@timestamp":"2025-12-13T23:06:01.494+08:00","caller":"trace/agent.go:148","content":"[otel] error: failed to upload traces; HTTP status code: 503","level":"error"}
23:06:05: daemon: ./data/server/order-mq -f app/order/cmd/mq/etc/order.yaml
exited: exit status 0
>> starting...
23:06:11: daemon: ./data/server/usercenter-rpc -f app/usercenter/cmd/rpc/etc/usercenter.yaml
{"@timestamp":"2025-12-13T23:06:11.179+08:00","caller":"trace/agent.go:148","content":"[otel] error: failed to upload traces; HTTP status code: 503","level":"error"}
23:06:11: daemon: ./data/server/usercenter-api -f app/usercenter/cmd/api/etc/usercenter.yaml
{"@timestamp":"2025-12-13T23:06:11.516+08:00","caller":"trace/agent.go:148","content":"[otel] error: failed to upload traces; HTTP status code: 503","level":"error"}
23:06:16: daemon: ./data/server/order-mq -f app/order/cmd/mq/etc/order.yaml
exited: exit status 0
>> starting...
exited: exit status 0
>> starting...
exited: exit status 0
>> starting...
exited: exit status 0
>> starting...
23:07:00: daemon: ./data/server/mqueue-job -f app/mqueue/cmd/job/etc/mqueue.yaml
shcedule job demo -----> every one minute exec 
23:07:02: daemon: ./data/server/order-mq -f app/order/cmd/mq/etc/order.yaml
exited: exit status 0
>> starting...
exited: exit status 0
>> starting...
exited: exit status 0
>> starting...
exited: exit status 0
>> starting...
exited: exit status 0
>> starting...
exited: exit status 0
>> starting...
23:08:00: daemon: ./data/server/mqueue-job -f app/mqueue/cmd/job/etc/mqueue.yaml
shcedule job demo -----> every one minute exec 
23:08:10: daemon: ./data/server/order-mq -f app/order/cmd/mq/etc/order.yaml
exited: exit status 0
>> starting...
exited: exit status 0
>> starting...
exited: exit status 0
>> starting...
exited: exit status 0
>> starting...
exited: exit status 0
>> starting...
23:09:00: daemon: ./data/server/mqueue-job -f app/mqueue/cmd/job/etc/mqueue.yaml
shcedule job demo -----> every one minute exec 
23:09:07: daemon: ./data/server/order-mq -f app/order/cmd/mq/etc/order.yaml
exited: exit status 0
>> starting...
exited: exit status 0
>> starting...
exited: exit status 0
>> starting...
exited: exit status 0
>> starting...
exited: exit status 0
>> starting...
